<?xml version="1.0" encoding="UTF-8"?>
<testng-results skipped="0" failed="0" total="1" passed="1">
  <reporter-output>
  </reporter-output>
  <suite name="Suite" duration-ms="40646" started-at="2018-02-21T20:42:35Z" finished-at="2018-02-21T20:43:15Z">
    <groups>
      <group name="cucumber">
        <method signature="AbstractTestNGCucumberTests.feature(cucumber.api.testng.CucumberFeatureWrapper)[pri:0, instance:runner.RunCuke@1e88b3c]" name="feature" class="cucumber.api.testng.AbstractTestNGCucumberTests"/>
      </group> <!-- cucumber -->
    </groups>
    <test name="Test" duration-ms="40646" started-at="2018-02-21T20:42:35Z" finished-at="2018-02-21T20:43:15Z">
      <class name="runner.RunCuke">
        <test-method status="PASS" signature="setUpClass()[pri:0, instance:runner.RunCuke@1e88b3c]" name="setUpClass" is-config="true" duration-ms="282" started-at="2018-02-22T02:12:35Z" finished-at="2018-02-22T02:12:35Z">
          <reporter-output>
          </reporter-output>
        </test-method> <!-- setUpClass -->
        <test-method status="PASS" signature="setup()[pri:0, instance:runner.RunCuke@1e88b3c]" name="setup" is-config="true" duration-ms="183" started-at="2018-02-22T02:12:35Z" finished-at="2018-02-22T02:12:35Z">
          <reporter-output>
          </reporter-output>
        </test-method> <!-- setup -->
        <test-method status="PASS" signature="feature(cucumber.api.testng.CucumberFeatureWrapper)[pri:0, instance:runner.RunCuke@1e88b3c]" name="feature" duration-ms="39939" started-at="2018-02-22T02:12:35Z" description="Runs Cucumber Feature" data-provider="features" finished-at="2018-02-22T02:13:15Z">
          <params>
            <param index="0">
              <value>
                <![CDATA[Acceptance testing to validate Used Search cars page is working fine.]]>
              </value>
            </param>
          </params>
          <reporter-output>
          </reporter-output>
        </test-method> <!-- feature -->
        <test-method status="PASS" signature="tearDownClass()[pri:0, instance:runner.RunCuke@1e88b3c]" name="tearDownClass" is-config="true" duration-ms="152" started-at="2018-02-22T02:13:15Z" finished-at="2018-02-22T02:13:15Z">
          <reporter-output>
          </reporter-output>
        </test-method> <!-- tearDownClass -->
      </class> <!-- runner.RunCuke -->
    </test> <!-- Test -->
  </suite> <!-- Suite -->
</testng-results>
